<?xml version="1.0" encoding="UTF-8"?>
<!-- Generated by org.testng.reporters.JUnitXMLReporter -->
<testsuite ignored="4" hostname="ThanhLuan" failures="0" tests="1" name="Default test" time="23.106" errors="0" timestamp="2026-02-05T16:20:49 ICT">
  <testcase classname="TestPackage.LoginTest" name="TC05" time="19.482"/>
  <testcase classname="TestPackage.LoginTest" name="TC4" time="0.0">
    <ignored/>
  </testcase> <!-- TC4 -->
  <testcase classname="TestPackage.LoginTest" name="TC3" time="0.0">
    <ignored/>
  </testcase> <!-- TC3 -->
  <testcase classname="TestPackage.LoginTest" name="TC2" time="0.0">
    <ignored/>
  </testcase> <!-- TC2 -->
  <testcase classname="TestPackage.LoginTest" name="TC1" time="0.0">
    <ignored/>
  </testcase> <!-- TC1 -->
</testsuite> <!-- Default test -->
