<?xml version="1.0" encoding="UTF-8"?>
<!-- Generated by org.testng.reporters.JUnitXMLReporter -->
<testsuite ignored="2" hostname="ThanhLuan" failures="0" tests="1" name="Default test" time="7.236" errors="0" timestamp="2026-02-09T05:05:45 ICT">
  <testcase classname="TestPackage.BookTicketTest" name="TC14" time="5.231"/>
  <testcase classname="TestPackage.BookTicketTest" name="TC13" time="0.0">
    <ignored/>
  </testcase> <!-- TC13 -->
  <testcase classname="TestPackage.BookTicketTest" name="TC12" time="0.0">
    <ignored/>
  </testcase> <!-- TC12 -->
</testsuite> <!-- Default test -->
