<?xml version="1.0" encoding="UTF-8"?>
<!-- Generated by org.testng.reporters.JUnitXMLReporter -->
<testsuite ignored="0" hostname="ThanhLuan" failures="3" tests="5" name="Railway Exercise" time="69.442" errors="0" timestamp="2026-02-12T06:13:49 ICT">
  <testcase classname="TestPackage.LoginTest" name="TC1" time="3.489">
    <failure type="java.lang.ClassCastException" message="class Railway.LoginPage cannot be cast to class Railway.HomePage (Railway.LoginPage and Railway.HomePage are in unnamed module of loader &amp;apos;app&amp;apos;)">
      <![CDATA[java.lang.ClassCastException: class Railway.LoginPage cannot be cast to class Railway.HomePage (Railway.LoginPage and Railway.HomePage are in unnamed module of loader 'app')
at TestPackage.LoginTest.TC1(LoginTest.java:30)
at java.base/java.util.ArrayList.forEach(ArrayList.java:1596)
... Removed 25 stack frames]]>
    </failure>
  </testcase> <!-- TC1 -->
  <testcase classname="TestPackage.LoginTest" name="TC2" time="3.717"/>
  <testcase classname="TestPackage.LoginTest" name="TC3" time="3.67">
    <failure type="java.lang.AssertionError" message="Verify that Error message &amp;quot;There was a problem with your login and/or errors exist in your form.&amp;quot; is displayed expected [There was a problem with your login and/or errors exist in your form.] but found [Invalid username or password. Please try again.]">
      <![CDATA[java.lang.AssertionError: Verify that Error message "There was a problem with your login and/or errors exist in your form." is displayed expected [There was a problem with your login and/or errors exist in your form.] but found [Invalid username or password. Please try again.]
at TestPackage.LoginTest.TC3(LoginTest.java:85)
at java.base/java.util.ArrayList.forEach(ArrayList.java:1596)
... Removed 30 stack frames]]>
    </failure>
  </testcase> <!-- TC3 -->
  <testcase classname="TestPackage.LoginTest" name="TC4" time="6.058">
    <failure type="java.lang.AssertionError" message="VP: User can&amp;apos;t login and message &amp;quot;You have used 4 out of 5 login attempts. After all 5 have been used, you will be unable to login for 15 minutes.&amp;quot; appears. expected [You have used 4 out of 5 login attempts. After all 5 have been used, you will be unable to login for 15 minutes.] but found [Invalid username or password. Please try again.]">
      <![CDATA[java.lang.AssertionError: VP: User can't login and message "You have used 4 out of 5 login attempts. After all 5 have been used, you will be unable to login for 15 minutes." appears. expected [You have used 4 out of 5 login attempts. After all 5 have been used, you will be unable to login for 15 minutes.] but found [Invalid username or password. Please try again.]
at TestPackage.LoginTest.TC4(LoginTest.java:118)
at java.base/java.util.ArrayList.forEach(ArrayList.java:1596)
... Removed 30 stack frames]]>
    </failure>
  </testcase> <!-- TC4 -->
  <testcase classname="TestPackage.LoginTest" name="TC5" time="3.464"/>
</testsuite> <!-- Railway Exercise -->
