<?xml version="1.0" encoding="UTF-8"?>
<!-- Generated by org.testng.reporters.JUnitXMLReporter -->
<testsuite ignored="0" hostname="ThanhLuan" failures="5" tests="16" name="Railway Exercise" time="532.355" errors="0" timestamp="2026-02-20T14:57:57 ICT">
  <testcase classname="TestPackage.LoginTest" name="TC1" time="4.942"/>
  <testcase classname="TestPackage.LoginTest" name="TC2" time="6.064"/>
  <testcase classname="TestPackage.LoginTest" name="TC3" time="5.976">
    <failure type="java.lang.AssertionError" message="Verify that Error message &amp;quot;There was a problem with your login and/or errors exist in your form.&amp;quot; is displayed expected [There was a problem with your login and/or errors exist in your form.] but found [Invalid username or password. Please try again.]">
      <![CDATA[java.lang.AssertionError: Verify that Error message "There was a problem with your login and/or errors exist in your form." is displayed expected [There was a problem with your login and/or errors exist in your form.] but found [Invalid username or password. Please try again.]
at TestPackage.LoginTest.TC3(LoginTest.java:86)
at java.base/java.util.ArrayList.forEach(ArrayList.java:1596)
... Removed 30 stack frames]]>
    </failure>
  </testcase> <!-- TC3 -->
  <testcase classname="TestPackage.LoginTest" name="TC4" time="15.893">
    <failure type="java.lang.AssertionError" message="VP: User can&amp;apos;t login and message &amp;quot;You have used 4 out of 5 login attempts. After all 5 have been used, you will be unable to login for 15 minutes.&amp;quot; appears. expected [You have used 4 out of 5 login attempts. After all 5 have been used, you will be unable to login for 15 minutes.] but found [Invalid username or password. Please try again.]">
      <![CDATA[java.lang.AssertionError: VP: User can't login and message "You have used 4 out of 5 login attempts. After all 5 have been used, you will be unable to login for 15 minutes." appears. expected [You have used 4 out of 5 login attempts. After all 5 have been used, you will be unable to login for 15 minutes.] but found [Invalid username or password. Please try again.]
at TestPackage.LoginTest.TC4(LoginTest.java:119)
at java.base/java.util.ArrayList.forEach(ArrayList.java:1596)
... Removed 30 stack frames]]>
    </failure>
  </testcase> <!-- TC4 -->
  <testcase classname="TestPackage.LoginTest" name="TC5" time="5.969"/>
  <testcase classname="TestPackage.LogoutTest" name="TC6" time="5.474"/>
  <testcase classname="TestPackage.CreateAccountTest" name="TC7" time="6.308"/>
  <testcase classname="TestPackage.CreateAccountTest" name="TC8" time="6.149"/>
  <testcase classname="TestPackage.CreateAccountTest" name="TC9" time="27.425"/>
  <testcase classname="TestPackage.ResetPasswordTest" name="TC10" time="82.928">
    <failure type="java.lang.AssertionError" message="VP: Message &amp;quot;The new password cannot be the same with the current password&amp;quot; is shown expected [The new password cannot be the same with the current password] but found [Password changed! Click here to login.]">
      <![CDATA[java.lang.AssertionError: VP: Message "The new password cannot be the same with the current password" is shown expected [The new password cannot be the same with the current password] but found [Password changed! Click here to login.]
at TestPackage.ResetPasswordTest.TC10(ResetPasswordTest.java:64)
at java.base/java.util.ArrayList.forEach(ArrayList.java:1596)
... Removed 30 stack frames]]>
    </failure>
  </testcase> <!-- TC10 -->
  <testcase classname="TestPackage.ResetPasswordTest" name="TC11" time="53.517"/>
  <testcase classname="TestPackage.BookTicketTest" name="TC12" time="37.071"/>
  <testcase classname="TestPackage.BookTicketTest" name="TC13" time="37.073"/>
  <testcase classname="TestPackage.BookTicketTest" name="TC14" time="34.103"/>
  <testcase classname="TestPackage.BookTicketTest" name="TC15" time="64.227">
    <failure type="org.openqa.selenium.NoSuchElementException" message="Cannot locate option with text: 2/21/2026
For documentation on this error, please visit: https://www.selenium.dev/documentation/webdriver/troubleshooting/errors#nosuchelementexception
Build info: version: &amp;apos;4.40.0&amp;apos;, revision: &amp;apos;b3333f1&amp;apos;
System info: os.name: &amp;apos;Windows 11&amp;apos;, os.arch: &amp;apos;amd64&amp;apos;, os.version: &amp;apos;10.0&amp;apos;, java.version: &amp;apos;21.0.9&amp;apos;
Driver info: driver.version: unknown">
      <![CDATA[org.openqa.selenium.NoSuchElementException: Cannot locate option with text: 2/21/2026
For documentation on this error, please visit: https://www.selenium.dev/documentation/webdriver/troubleshooting/errors#nosuchelementexception
Build info: version: '4.40.0', revision: 'b3333f1'
System info: os.name: 'Windows 11', os.arch: 'amd64', os.version: '10.0', java.version: '21.0.9'
Driver info: driver.version: unknown
at org.openqa.selenium.support.ui.Select.selectByVisibleText(Select.java:400)
at org.openqa.selenium.support.ui.Select.selectByContainsVisibleText(Select.java:151)
at Railway.BookTicketPage.select(BookTicketPage.java:56)
at Railway.BookTicketPage.bookTicket(BookTicketPage.java:72)
at TestPackage.BookTicketTest.TC15(BookTicketTest.java:198)
at java.base/java.util.ArrayList.forEach(ArrayList.java:1596)
... Removed 25 stack frames]]>
    </failure>
  </testcase> <!-- TC15 -->
  <testcase classname="TestPackage.CancelBookingTest" name="TC16" time="69.067">
    <failure type="java.lang.AssertionError" message="VP: The canceled ticket is disappeared did not expect [Quảng Ngãi] but found [Quảng Ngãi]">
      <![CDATA[java.lang.AssertionError: VP: The canceled ticket is disappeared did not expect [Quảng Ngãi] but found [Quảng Ngãi]
at TestPackage.CancelBookingTest.TC16(CancelBookingTest.java:63)
at java.base/java.util.ArrayList.forEach(ArrayList.java:1596)
... Removed 29 stack frames]]>
    </failure>
  </testcase> <!-- TC16 -->
</testsuite> <!-- Railway Exercise -->
