<?xml version="1.0" encoding="UTF-8"?>
<!-- Generated by org.testng.reporters.JUnitXMLReporter -->
<testsuite ignored="0" hostname="ThanhLuan" failures="1" tests="2" name="Railway Exercise" time="130.21" errors="0" timestamp="2026-02-14T22:19:46 ICT">
  <testcase classname="TestPackage.ResetPasswordTest" name="TC10" time="55.891">
    <failure type="java.lang.AssertionError" message="VP: Message &amp;quot;The new password cannot be the same with the current password&amp;quot; is shown expected [The new password cannot be the same with the current password] but found [Password changed! Click here to login.]">
      <![CDATA[java.lang.AssertionError: VP: Message "The new password cannot be the same with the current password" is shown expected [The new password cannot be the same with the current password] but found [Password changed! Click here to login.]
at TestPackage.ResetPasswordTest.TC10(ResetPasswordTest.java:64)
at java.base/java.util.ArrayList.forEach(ArrayList.java:1596)
... Removed 30 stack frames]]>
    </failure>
  </testcase> <!-- TC10 -->
  <testcase classname="TestPackage.ResetPasswordTest" name="TC11" time="57.938"/>
</testsuite> <!-- Railway Exercise -->
