<?xml version="1.0" encoding="UTF-8"?>
<!-- Generated by org.testng.reporters.JUnitXMLReporter -->
<testsuite ignored="0" hostname="ThanhLuan" failures="0" tests="3" name="Railway Exercise" time="54.782" errors="0" timestamp="2026-02-16T09:39:45 ICT">
  <testcase classname="TestPackage.CreateAccountTest" name="TC7" time="6.074"/>
  <testcase classname="TestPackage.CreateAccountTest" name="TC8" time="6.24"/>
  <testcase classname="TestPackage.CreateAccountTest" name="TC9" time="27.021"/>
</testsuite> <!-- Railway Exercise -->
