<?xml version="1.0" encoding="UTF-8"?>
<!-- Generated by org.testng.reporters.JUnitXMLReporter -->
<testsuite ignored="2" hostname="ThanhLuan" failures="0" tests="1" name="Test" time="26.049" errors="0" timestamp="2026-02-07T16:47:23 ICT">
  <testcase classname="TestPackage.CreateAccountTest" name="TC9" time="24.167"/>
  <testcase classname="TestPackage.CreateAccountTest" name="TC8" time="0.0">
    <ignored/>
  </testcase> <!-- TC8 -->
  <testcase classname="TestPackage.CreateAccountTest" name="TC7" time="0.0">
    <ignored/>
  </testcase> <!-- TC7 -->
</testsuite> <!-- Test -->
