<?xml version="1.0" encoding="UTF-8"?>
<!-- Generated by org.testng.reporters.JUnitXMLReporter -->
<testsuite ignored="0" hostname="ThanhLuan" failures="1" tests="1" name="Test" time="29.347" errors="0" timestamp="2026-02-08T06:10:04 ICT">
  <testcase classname="TestPackage.ResetPasswordTest" name="TC10" time="27.635">
    <failure type="java.lang.AssertionError" message="VP: Message &amp;quot;The new password cannot be the same with the current password&amp;quot; is shown expected [The new password cannot be the same with the current password] but found [Password changed! Click here to login.]">
      <![CDATA[java.lang.AssertionError: VP: Message "The new password cannot be the same with the current password" is shown expected [The new password cannot be the same with the current password] but found [Password changed! Click here to login.]
at TestPackage.ResetPasswordTest.TC10(ResetPasswordTest.java:64)
at java.base/java.util.ArrayList.forEach(ArrayList.java:1596)
... Removed 30 stack frames]]>
    </failure>
  </testcase> <!-- TC10 -->
</testsuite> <!-- Test -->
