<?xml version="1.0" encoding="UTF-8"?>
<!-- Generated by org.testng.reporters.JUnitXMLReporter -->
<testsuite ignored="0" hostname="ThanhLuan" failures="0" tests="5" name="Test" time="10.403" errors="0" timestamp="2026-02-04T16:38:18 ICT">
  <testcase classname="TestPackage.TC04" name="TC001" time="0.025"/>
  <testcase classname="TestPackage.TC04" name="TC001" time="0.005"/>
  <testcase classname="TestPackage.TC04" name="TC001" time="0.003"/>
  <testcase classname="TestPackage.TC04" name="TC001" time="0.003"/>
  <testcase classname="TestPackage.TC04" name="TC001" time="0.004"/>
</testsuite> <!-- Test -->
