<?xml version="1.0" encoding="UTF-8"?>
<!-- Generated by org.testng.reporters.JUnitXMLReporter -->
<testsuite ignored="3" hostname="ThanhLuan" failures="0" tests="1" name="Test" time="13.422" errors="0" timestamp="2026-02-10T09:54:44 ICT">
  <testcase classname="TestPackage.BookTicketTest" name="TC14" time="11.346"/>
  <testcase classname="TestPackage.BookTicketTest" name="TC13" time="0.0">
    <ignored/>
  </testcase> <!-- TC13 -->
  <testcase classname="TestPackage.BookTicketTest" name="TC12" time="0.0">
    <ignored/>
  </testcase> <!-- TC12 -->
  <testcase classname="TestPackage.BookTicketTest" name="TC15" time="0.0">
    <ignored/>
  </testcase> <!-- TC15 -->
</testsuite> <!-- Test -->
