<?xml version="1.0" encoding="UTF-8"?>
<testng-results ignored="1" total="2" passed="1" failed="0" skipped="0">
  <reporter-output>
  </reporter-output>
  <suite started-at="2026-02-08T08:40:23 ICT" name="Suite" finished-at="2026-02-08T08:40:53 ICT" duration-ms="29773">
    <groups>
    </groups>
    <test started-at="2026-02-08T08:40:23 ICT" name="Test" finished-at="2026-02-08T08:40:53 ICT" duration-ms="29773">
      <class name="TestPackage.ResetPasswordTest">
        <test-method is-config="true" signature="beforeMethod()[pri:0, instance:TestPackage.ResetPasswordTest@5e0e82ae]" started-at="2026-02-08T08:40:23 ICT" name="beforeMethod" finished-at="2026-02-08T08:40:25 ICT" duration-ms="1632" status="PASS">
          <reporter-output>
          </reporter-output>
        </test-method> <!-- beforeMethod -->
        <test-method signature="TC11()[pri:0, instance:TestPackage.ResetPasswordTest@5e0e82ae]" started-at="2026-02-08T08:40:25 ICT" name="TC11" description="Reset password shows error if the new password and confirm password doesn&#039;t match" finished-at="2026-02-08T08:40:53 ICT" duration-ms="28090" status="PASS">
          <reporter-output>
          </reporter-output>
        </test-method> <!-- TC11 -->
        <test-method is-config="true" signature="afterMethod()[pri:0, instance:TestPackage.ResetPasswordTest@5e0e82ae]" started-at="2026-02-08T08:40:53 ICT" name="afterMethod" finished-at="2026-02-08T08:40:53 ICT" duration-ms="1" status="PASS">
          <reporter-output>
          </reporter-output>
        </test-method> <!-- afterMethod -->
      </class> <!-- TestPackage.ResetPasswordTest -->
    </test> <!-- Test -->
  </suite> <!-- Suite -->
</testng-results>
