<?xml version="1.0" encoding="UTF-8"?>
<testng-results ignored="3" total="4" passed="1" failed="0" skipped="0">
  <reporter-output>
  </reporter-output>
  <suite started-at="2026-02-10T09:54:30 ICT" name="Suite" finished-at="2026-02-10T09:54:44 ICT" duration-ms="13422">
    <groups>
    </groups>
    <test started-at="2026-02-10T09:54:30 ICT" name="Test" finished-at="2026-02-10T09:54:44 ICT" duration-ms="13422">
      <class name="TestPackage.BookTicketTest">
        <test-method is-config="true" signature="beforeMethod()[pri:0, instance:TestPackage.BookTicketTest@51399530]" started-at="2026-02-10T09:54:30 ICT" name="beforeMethod" finished-at="2026-02-10T09:54:32 ICT" duration-ms="1968" status="PASS">
          <reporter-output>
          </reporter-output>
        </test-method> <!-- beforeMethod -->
        <test-method signature="TC14()[pri:0, instance:TestPackage.BookTicketTest@51399530]" started-at="2026-02-10T09:54:32 ICT" name="TC14" description="User can check price of ticket from Timetable" finished-at="2026-02-10T09:54:44 ICT" duration-ms="11346" status="PASS">
          <reporter-output>
          </reporter-output>
        </test-method> <!-- TC14 -->
        <test-method is-config="true" signature="afterMethod()[pri:0, instance:TestPackage.BookTicketTest@51399530]" started-at="2026-02-10T09:54:44 ICT" name="afterMethod" finished-at="2026-02-10T09:54:44 ICT" duration-ms="3" status="PASS">
          <reporter-output>
          </reporter-output>
        </test-method> <!-- afterMethod -->
      </class> <!-- TestPackage.BookTicketTest -->
    </test> <!-- Test -->
  </suite> <!-- Suite -->
</testng-results>
