<?xml version="1.0" encoding="UTF-8"?>
<testng-results ignored="1" total="2" passed="1" failed="0" skipped="0">
  <reporter-output>
  </reporter-output>
  <suite started-at="2026-02-06T15:42:44 ICT" name="Suite" finished-at="2026-02-06T15:42:51 ICT" duration-ms="7166">
    <groups>
    </groups>
    <test started-at="2026-02-06T15:42:44 ICT" name="Test" finished-at="2026-02-06T15:42:51 ICT" duration-ms="7166">
      <class name="TestPackage.CreateAccountTest">
        <test-method is-config="true" signature="beforeMethod()[pri:0, instance:TestPackage.CreateAccountTest@6b2ea799]" started-at="2026-02-06T15:42:44 ICT" name="beforeMethod" finished-at="2026-02-06T15:42:46 ICT" duration-ms="1818" status="PASS">
          <reporter-output>
          </reporter-output>
        </test-method> <!-- beforeMethod -->
        <test-method signature="TC8()[pri:0, instance:TestPackage.CreateAccountTest@6b2ea799]" started-at="2026-02-06T15:42:46 ICT" name="TC8" description="User can&#039;t create account while password and PID fields are empty" finished-at="2026-02-06T15:42:51 ICT" duration-ms="5275" status="PASS">
          <reporter-output>
          </reporter-output>
        </test-method> <!-- TC8 -->
        <test-method is-config="true" signature="afterMethod()[pri:0, instance:TestPackage.CreateAccountTest@6b2ea799]" started-at="2026-02-06T15:42:51 ICT" name="afterMethod" finished-at="2026-02-06T15:42:51 ICT" duration-ms="3" status="PASS">
          <reporter-output>
          </reporter-output>
        </test-method> <!-- afterMethod -->
      </class> <!-- TestPackage.CreateAccountTest -->
    </test> <!-- Test -->
  </suite> <!-- Suite -->
</testng-results>
