<?xml version="1.0" encoding="UTF-8"?>
<testng-results ignored="0" total="1" passed="1" failed="0" skipped="0">
  <reporter-output>
  </reporter-output>
  <suite started-at="2026-02-04T09:41:38 ICT" name="Suite" finished-at="2026-02-04T09:41:58 ICT" duration-ms="20071">
    <groups>
    </groups>
    <test started-at="2026-02-04T09:41:38 ICT" name="Test" finished-at="2026-02-04T09:41:58 ICT" duration-ms="20071">
      <class name="TestPackage.TC02">
        <test-method is-config="true" signature="beforeMethod()[pri:0, instance:TestPackage.TC02@36fc695d]" started-at="2026-02-04T09:41:38 ICT" name="beforeMethod" finished-at="2026-02-04T09:41:41 ICT" duration-ms="3097" status="PASS">
          <reporter-output>
          </reporter-output>
        </test-method> <!-- beforeMethod -->
        <test-method signature="TC001()[pri:0, instance:TestPackage.TC02@36fc695d]" started-at="2026-02-04T09:41:41 ICT" name="TC001" finished-at="2026-02-04T09:41:58 ICT" duration-ms="16899" status="PASS">
          <reporter-output>
          </reporter-output>
        </test-method> <!-- TC001 -->
        <test-method is-config="true" signature="afterMethod()[pri:0, instance:TestPackage.TC02@36fc695d]" started-at="2026-02-04T09:41:58 ICT" name="afterMethod" finished-at="2026-02-04T09:41:58 ICT" duration-ms="2" status="PASS">
          <reporter-output>
          </reporter-output>
        </test-method> <!-- afterMethod -->
      </class> <!-- TestPackage.TC02 -->
    </test> <!-- Test -->
  </suite> <!-- Suite -->
</testng-results>
