<?xml version="1.0" encoding="UTF-8"?>
<testng-results ignored="0" total="1" passed="1" failed="0" skipped="0">
  <reporter-output>
  </reporter-output>
  <suite started-at="2026-02-03T22:18:08 ICT" name="Default suite" finished-at="2026-02-03T22:18:21 ICT" duration-ms="12625">
    <groups>
    </groups>
    <test started-at="2026-02-03T22:18:08 ICT" name="Default test" finished-at="2026-02-03T22:18:21 ICT" duration-ms="12625">
      <class name="TestPackage.LoginTest">
        <test-method is-config="true" signature="beforeMethod()[pri:0, instance:TestPackage.LoginTest@5e0e82ae]" started-at="2026-02-03T22:18:08 ICT" name="beforeMethod" finished-at="2026-02-03T22:18:08 ICT" duration-ms="11" status="PASS">
          <reporter-output>
          </reporter-output>
        </test-method> <!-- beforeMethod -->
        <test-method signature="TC01()[pri:0, instance:TestPackage.LoginTest@5e0e82ae]" started-at="2026-02-03T22:18:08 ICT" name="TC01" finished-at="2026-02-03T22:18:21 ICT" duration-ms="12226" status="PASS">
          <reporter-output>
          </reporter-output>
        </test-method> <!-- TC01 -->
        <test-method is-config="true" signature="afterMethod()[pri:0, instance:TestPackage.LoginTest@5e0e82ae]" started-at="2026-02-03T22:18:21 ICT" name="afterMethod" finished-at="2026-02-03T22:18:21 ICT" duration-ms="316" status="PASS">
          <reporter-output>
          </reporter-output>
        </test-method> <!-- afterMethod -->
      </class> <!-- TestPackage.LoginTest -->
    </test> <!-- Default test -->
  </suite> <!-- Default suite -->
</testng-results>
