<?xml version="1.0" encoding="UTF-8"?>
<testng-results ignored="2" total="3" passed="1" failed="0" skipped="0">
  <reporter-output>
  </reporter-output>
  <suite started-at="2026-02-07T16:46:57 ICT" name="Suite" finished-at="2026-02-07T16:47:23 ICT" duration-ms="26049">
    <groups>
    </groups>
    <test started-at="2026-02-07T16:46:57 ICT" name="Test" finished-at="2026-02-07T16:47:23 ICT" duration-ms="26049">
      <class name="TestPackage.CreateAccountTest">
        <test-method is-config="true" signature="beforeMethod()[pri:0, instance:TestPackage.CreateAccountTest@411f53a0]" started-at="2026-02-07T16:46:57 ICT" name="beforeMethod" finished-at="2026-02-07T16:46:59 ICT" duration-ms="1823" status="PASS">
          <reporter-output>
          </reporter-output>
        </test-method> <!-- beforeMethod -->
        <test-method signature="TC9()[pri:0, instance:TestPackage.CreateAccountTest@411f53a0]" started-at="2026-02-07T16:46:59 ICT" name="TC9" description="User create and activate account" finished-at="2026-02-07T16:47:23 ICT" duration-ms="24167" status="PASS">
          <reporter-output>
          </reporter-output>
        </test-method> <!-- TC9 -->
        <test-method is-config="true" signature="afterMethod()[pri:0, instance:TestPackage.CreateAccountTest@411f53a0]" started-at="2026-02-07T16:47:23 ICT" name="afterMethod" finished-at="2026-02-07T16:47:23 ICT" duration-ms="0" status="PASS">
          <reporter-output>
          </reporter-output>
        </test-method> <!-- afterMethod -->
      </class> <!-- TestPackage.CreateAccountTest -->
    </test> <!-- Test -->
  </suite> <!-- Suite -->
</testng-results>
