<?xml version="1.0" encoding="UTF-8"?>
<testng-results ignored="0" total="3" passed="3" failed="0" skipped="0">
  <reporter-output>
  </reporter-output>
  <suite started-at="2026-02-16T09:38:50 ICT" name="Suite" finished-at="2026-02-16T09:39:45 ICT" duration-ms="54782">
    <groups>
    </groups>
    <test started-at="2026-02-16T09:38:50 ICT" name="Railway Exercise" finished-at="2026-02-16T09:39:45 ICT" duration-ms="54782">
      <class name="TestPackage.CreateAccountTest">
        <test-method is-config="true" signature="beforeMethod(java.lang.String)[pri:0, instance:TestPackage.CreateAccountTest@3754a4bf]" started-at="2026-02-16T09:38:50 ICT" name="beforeMethod" finished-at="2026-02-16T09:38:55 ICT" duration-ms="4706" status="PASS">
          <params>
            <param index="0">
              <value>
                <![CDATA[firefox]]>
              </value>
            </param>
          </params>
          <reporter-output>
          </reporter-output>
        </test-method> <!-- beforeMethod -->
        <test-method signature="TC7()[pri:0, instance:TestPackage.CreateAccountTest@3754a4bf]" started-at="2026-02-16T09:38:55 ICT" name="TC7" description="User can&#039;t create account with an already in-use email" finished-at="2026-02-16T09:39:01 ICT" duration-ms="6074" status="PASS">
          <reporter-output>
          </reporter-output>
        </test-method> <!-- TC7 -->
        <test-method is-config="true" signature="afterMethod()[pri:0, instance:TestPackage.CreateAccountTest@3754a4bf]" started-at="2026-02-16T09:39:01 ICT" name="afterMethod" finished-at="2026-02-16T09:39:02 ICT" duration-ms="959" status="PASS">
          <reporter-output>
          </reporter-output>
        </test-method> <!-- afterMethod -->
        <test-method is-config="true" signature="beforeMethod(java.lang.String)[pri:0, instance:TestPackage.CreateAccountTest@3754a4bf]" started-at="2026-02-16T09:39:02 ICT" name="beforeMethod" finished-at="2026-02-16T09:39:06 ICT" duration-ms="3448" status="PASS">
          <params>
            <param index="0">
              <value>
                <![CDATA[firefox]]>
              </value>
            </param>
          </params>
          <reporter-output>
          </reporter-output>
        </test-method> <!-- beforeMethod -->
        <test-method signature="TC8()[pri:0, instance:TestPackage.CreateAccountTest@3754a4bf]" started-at="2026-02-16T09:39:06 ICT" name="TC8" description="User can&#039;t create account while password and PID fields are empty" finished-at="2026-02-16T09:39:12 ICT" duration-ms="6240" status="PASS">
          <reporter-output>
          </reporter-output>
        </test-method> <!-- TC8 -->
        <test-method is-config="true" signature="afterMethod()[pri:0, instance:TestPackage.CreateAccountTest@3754a4bf]" started-at="2026-02-16T09:39:12 ICT" name="afterMethod" finished-at="2026-02-16T09:39:13 ICT" duration-ms="921" status="PASS">
          <reporter-output>
          </reporter-output>
        </test-method> <!-- afterMethod -->
        <test-method is-config="true" signature="beforeMethod(java.lang.String)[pri:0, instance:TestPackage.CreateAccountTest@3754a4bf]" started-at="2026-02-16T09:39:13 ICT" name="beforeMethod" finished-at="2026-02-16T09:39:16 ICT" duration-ms="3418" status="PASS">
          <params>
            <param index="0">
              <value>
                <![CDATA[firefox]]>
              </value>
            </param>
          </params>
          <reporter-output>
          </reporter-output>
        </test-method> <!-- beforeMethod -->
        <test-method signature="TC9()[pri:0, instance:TestPackage.CreateAccountTest@3754a4bf]" started-at="2026-02-16T09:39:16 ICT" name="TC9" description="User create and activate account" finished-at="2026-02-16T09:39:43 ICT" duration-ms="27021" status="PASS">
          <reporter-output>
          </reporter-output>
        </test-method> <!-- TC9 -->
        <test-method is-config="true" signature="afterMethod()[pri:0, instance:TestPackage.CreateAccountTest@3754a4bf]" started-at="2026-02-16T09:39:43 ICT" name="afterMethod" finished-at="2026-02-16T09:39:45 ICT" duration-ms="1945" status="PASS">
          <reporter-output>
          </reporter-output>
        </test-method> <!-- afterMethod -->
      </class> <!-- TestPackage.CreateAccountTest -->
    </test> <!-- Railway Exercise -->
  </suite> <!-- Suite -->
</testng-results>
