<?xml version="1.0" encoding="UTF-8"?>
<testng-results ignored="1" total="2" passed="1" failed="0" skipped="0">
  <reporter-output>
  </reporter-output>
  <suite started-at="2026-02-08T21:58:41 ICT" name="Suite" finished-at="2026-02-08T21:58:51 ICT" duration-ms="9749">
    <groups>
    </groups>
    <test started-at="2026-02-08T21:58:41 ICT" name="Test" finished-at="2026-02-08T21:58:51 ICT" duration-ms="9749">
      <class name="TestPackage.BookTicketTest">
        <test-method is-config="true" signature="beforeMethod()[pri:0, instance:TestPackage.BookTicketTest@5e0e82ae]" started-at="2026-02-08T21:58:41 ICT" name="beforeMethod" finished-at="2026-02-08T21:58:43 ICT" duration-ms="1583" status="PASS">
          <reporter-output>
          </reporter-output>
        </test-method> <!-- beforeMethod -->
        <test-method signature="TC13()[pri:0, instance:TestPackage.BookTicketTest@5e0e82ae]" started-at="2026-02-08T21:58:43 ICT" name="TC13" description="User can book many tickets at a time" finished-at="2026-02-08T21:58:51 ICT" duration-ms="8122" status="PASS">
          <reporter-output>
          </reporter-output>
        </test-method> <!-- TC13 -->
        <test-method is-config="true" signature="afterMethod()[pri:0, instance:TestPackage.BookTicketTest@5e0e82ae]" started-at="2026-02-08T21:58:51 ICT" name="afterMethod" finished-at="2026-02-08T21:58:51 ICT" duration-ms="0" status="PASS">
          <reporter-output>
          </reporter-output>
        </test-method> <!-- afterMethod -->
      </class> <!-- TestPackage.BookTicketTest -->
    </test> <!-- Test -->
  </suite> <!-- Suite -->
</testng-results>
