<?xml version="1.0" encoding="UTF-8"?>
<testng-results ignored="0" total="1" passed="1" failed="0" skipped="0">
  <reporter-output>
  </reporter-output>
  <suite started-at="2026-02-06T05:07:53 ICT" name="Default suite" finished-at="2026-02-06T05:08:26 ICT" duration-ms="32655">
    <groups>
    </groups>
    <test started-at="2026-02-06T05:07:53 ICT" name="Default test" finished-at="2026-02-06T05:08:26 ICT" duration-ms="32655">
      <class name="TestPackage.LogoutTest">
        <test-method is-config="true" signature="beforeMethod()[pri:0, instance:TestPackage.LogoutTest@6771beb3]" started-at="2026-02-06T05:07:53 ICT" name="beforeMethod" finished-at="2026-02-06T05:07:56 ICT" duration-ms="2480" status="PASS">
          <reporter-output>
          </reporter-output>
        </test-method> <!-- beforeMethod -->
        <test-method signature="TC06()[pri:0, instance:TestPackage.LogoutTest@6771beb3]" started-at="2026-02-06T05:07:56 ICT" name="TC06" description="User is redirected to Home page after logging out" finished-at="2026-02-06T05:08:26 ICT" duration-ms="30131" status="PASS">
          <reporter-output>
          </reporter-output>
        </test-method> <!-- TC06 -->
        <test-method is-config="true" signature="afterMethod()[pri:0, instance:TestPackage.LogoutTest@6771beb3]" started-at="2026-02-06T05:08:26 ICT" name="afterMethod" finished-at="2026-02-06T05:08:26 ICT" duration-ms="0" status="PASS">
          <reporter-output>
          </reporter-output>
        </test-method> <!-- afterMethod -->
      </class> <!-- TestPackage.LogoutTest -->
    </test> <!-- Default test -->
  </suite> <!-- Default suite -->
</testng-results>
