<?xml version="1.0" encoding="UTF-8"?>
<testng-results ignored="0" total="1" passed="1" failed="0" skipped="0">
  <reporter-output>
  </reporter-output>
  <suite started-at="2026-02-19T16:06:11 ICT" name="Default suite" finished-at="2026-02-19T16:06:55 ICT" duration-ms="43455">
    <groups>
    </groups>
    <test started-at="2026-02-19T16:06:11 ICT" name="Default test" finished-at="2026-02-19T16:06:55 ICT" duration-ms="43455">
      <class name="TestPackage.CancelBookingTest">
        <test-method is-config="true" signature="beforeMethod(java.lang.String)[pri:0, instance:TestPackage.CancelBookingTest@5b7a5baa]" started-at="2026-02-19T16:06:11 ICT" name="beforeMethod" finished-at="2026-02-19T16:06:16 ICT" duration-ms="4678" status="PASS">
          <params>
            <param index="0">
              <value>
                <![CDATA[firefox]]>
              </value>
            </param>
          </params>
          <reporter-output>
          </reporter-output>
        </test-method> <!-- beforeMethod -->
        <test-method signature="TC16()[pri:0, instance:TestPackage.CancelBookingTest@5b7a5baa]" started-at="2026-02-19T16:06:16 ICT" name="TC16" description="Cancel booking" finished-at="2026-02-19T16:06:55 ICT" duration-ms="38732" status="PASS">
          <reporter-output>
          </reporter-output>
        </test-method> <!-- TC16 -->
      </class> <!-- TestPackage.CancelBookingTest -->
    </test> <!-- Default test -->
  </suite> <!-- Default suite -->
</testng-results>
