<?xml version="1.0" encoding="UTF-8"?>
<testng-results ignored="1" total="2" passed="1" failed="0" skipped="0">
  <reporter-output>
  </reporter-output>
  <suite started-at="2026-02-06T13:57:46 ICT" name="Suite" finished-at="2026-02-06T13:57:54 ICT" duration-ms="8014">
    <groups>
    </groups>
    <test started-at="2026-02-06T13:57:46 ICT" name="Test" finished-at="2026-02-06T13:57:54 ICT" duration-ms="8014">
      <class name="TestPackage.LogoutTest">
        <test-method is-config="true" signature="beforeMethod()[pri:0, instance:TestPackage.LogoutTest@6b2ea799]" started-at="2026-02-06T13:57:46 ICT" name="beforeMethod" finished-at="2026-02-06T13:57:48 ICT" duration-ms="1984" status="PASS">
          <reporter-output>
          </reporter-output>
        </test-method> <!-- beforeMethod -->
        <test-method signature="TC7()[pri:0, instance:TestPackage.LogoutTest@6b2ea799]" started-at="2026-02-06T13:57:48 ICT" name="TC7" description="User can&#039;t create account with an already in-use email" finished-at="2026-02-06T13:57:54 ICT" duration-ms="5952" status="PASS">
          <reporter-output>
          </reporter-output>
        </test-method> <!-- TC7 -->
        <test-method is-config="true" signature="afterMethod()[pri:0, instance:TestPackage.LogoutTest@6b2ea799]" started-at="2026-02-06T13:57:54 ICT" name="afterMethod" finished-at="2026-02-06T13:57:54 ICT" duration-ms="2" status="PASS">
          <reporter-output>
          </reporter-output>
        </test-method> <!-- afterMethod -->
      </class> <!-- TestPackage.LogoutTest -->
    </test> <!-- Test -->
  </suite> <!-- Suite -->
</testng-results>
