<?xml version="1.0" encoding="UTF-8"?>
<!-- Generated by org.testng.reporters.JUnitReportReporter -->
<testsuite hostname="ThanhLuan" failures="0" tests="5" name="TestPackage.LoginTest" time="7.879" errors="0" timestamp="2026-02-06T13:38:33 ICT" skipped="4">
  <testcase classname="TestPackage.LoginTest" name="TC05" time="7.879"/>
  <testcase classname="TestPackage.LoginTest" name="TC1">
    <skipped/>
  </testcase> <!-- TC1 -->
  <testcase classname="TestPackage.LoginTest" name="TC4">
    <skipped/>
  </testcase> <!-- TC4 -->
  <testcase classname="TestPackage.LoginTest" name="TC3">
    <skipped/>
  </testcase> <!-- TC3 -->
  <testcase classname="TestPackage.LoginTest" name="TC2">
    <skipped/>
  </testcase> <!-- TC2 -->
</testsuite> <!-- TestPackage.LoginTest -->
