<?xml version="1.0" encoding="UTF-8"?>
<!-- Generated by org.testng.reporters.JUnitReportReporter -->
<testsuite hostname="ThanhLuan" failures="0" tests="4" name="TestPackage.BookTicketTest" time="13.317" errors="0" timestamp="2026-02-10T09:54:44 ICT" skipped="3">
  <testcase classname="TestPackage.BookTicketTest" name="TC14" time="13.317"/>
  <testcase classname="TestPackage.BookTicketTest" name="TC13">
    <skipped/>
  </testcase> <!-- TC13 -->
  <testcase classname="TestPackage.BookTicketTest" name="TC12">
    <skipped/>
  </testcase> <!-- TC12 -->
  <testcase classname="TestPackage.BookTicketTest" name="TC15">
    <skipped/>
  </testcase> <!-- TC15 -->
</testsuite> <!-- TestPackage.BookTicketTest -->
