<?xml version="1.0" encoding="UTF-8"?>
<!-- Generated by org.testng.reporters.JUnitReportReporter -->
<testsuite hostname="ThanhLuan" failures="0" tests="4" name="TestPackage.BookTicketTest" time="15.759" errors="0" timestamp="2026-02-10T04:52:07 ICT" skipped="3">
  <testcase classname="TestPackage.BookTicketTest" name="TC15" time="15.759"/>
  <testcase classname="TestPackage.BookTicketTest" name="TC13">
    <skipped/>
  </testcase> <!-- TC13 -->
  <testcase classname="TestPackage.BookTicketTest" name="TC12">
    <skipped/>
  </testcase> <!-- TC12 -->
  <testcase classname="TestPackage.BookTicketTest" name="TC14">
    <skipped/>
  </testcase> <!-- TC14 -->
</testsuite> <!-- TestPackage.BookTicketTest -->
