<?xml version="1.0" encoding="UTF-8"?>
<!-- Generated by org.testng.reporters.JUnitReportReporter -->
<testsuite hostname="ThanhLuan" failures="0" tests="3" name="TestPackage.CreateAccountTest" time="42.769" errors="0" timestamp="2026-02-12T15:25:57 ICT" skipped="0">
  <testcase classname="TestPackage.CreateAccountTest" name="TC7" time="5.855"/>
  <testcase classname="TestPackage.CreateAccountTest" name="TC8" time="6.252"/>
  <testcase classname="TestPackage.CreateAccountTest" name="TC9" time="30.662"/>
</testsuite> <!-- TestPackage.CreateAccountTest -->
