<?xml version="1.0" encoding="UTF-8"?>
<!-- Generated by org.testng.reporters.JUnitReportReporter -->
<testsuite hostname="ThanhLuan" failures="0" tests="3" name="TestPackage.BookTicketTest" time="7.222" errors="0" timestamp="2026-02-09T05:48:09 ICT" skipped="2">
  <testcase classname="TestPackage.BookTicketTest" name="TC14" time="7.222"/>
  <testcase classname="TestPackage.BookTicketTest" name="TC13">
    <skipped/>
  </testcase> <!-- TC13 -->
  <testcase classname="TestPackage.BookTicketTest" name="TC12">
    <skipped/>
  </testcase> <!-- TC12 -->
</testsuite> <!-- TestPackage.BookTicketTest -->
