<?xml version="1.0" encoding="UTF-8"?>
<!-- Generated by org.testng.reporters.JUnitReportReporter -->
<testsuite hostname="ThanhLuan" failures="0" tests="3" name="TestPackage.LogoutTest" time="7.438" errors="0" timestamp="2026-02-06T14:58:23 ICT" skipped="2">
  <testcase classname="TestPackage.LogoutTest" name="TC8" time="7.438"/>
  <testcase classname="TestPackage.LogoutTest" name="TC6">
    <skipped/>
  </testcase> <!-- TC6 -->
  <testcase classname="TestPackage.LogoutTest" name="TC7">
    <skipped/>
  </testcase> <!-- TC7 -->
</testsuite> <!-- TestPackage.LogoutTest -->
