<?xml version="1.0" encoding="UTF-8"?>
<!-- Generated by org.testng.reporters.JUnitReportReporter -->
<testsuite hostname="ThanhLuan" failures="0" tests="3" name="TestPackage.CreateAccountTest" time="54.732" errors="0" timestamp="2026-02-16T09:39:45 ICT" skipped="0">
  <testcase classname="TestPackage.CreateAccountTest" name="TC8" time="11.867"/>
  <testcase classname="TestPackage.CreateAccountTest" name="TC9" time="31.398"/>
  <testcase classname="TestPackage.CreateAccountTest" name="TC7" time="11.467"/>
</testsuite> <!-- TestPackage.CreateAccountTest -->
