<?xml version="1.0" encoding="UTF-8"?>
<!-- Generated by org.testng.reporters.JUnitReportReporter -->
<testsuite hostname="ThanhLuan" failures="0" tests="5" name="TestPackage.LoginTest" time="34.788" errors="0" timestamp="2026-02-05T23:02:53 ICT" skipped="4">
  <testcase classname="TestPackage.LoginTest" name="TC1" time="34.788"/>
  <testcase classname="TestPackage.LoginTest" name="TC05">
    <skipped/>
  </testcase> <!-- TC05 -->
  <testcase classname="TestPackage.LoginTest" name="TC2">
    <skipped/>
  </testcase> <!-- TC2 -->
  <testcase classname="TestPackage.LoginTest" name="TC4">
    <skipped/>
  </testcase> <!-- TC4 -->
  <testcase classname="TestPackage.LoginTest" name="TC3">
    <skipped/>
  </testcase> <!-- TC3 -->
</testsuite> <!-- TestPackage.LoginTest -->
