<?xml version="1.0" encoding="UTF-8"?>
<!-- Generated by org.testng.reporters.JUnitReportReporter -->
<testsuite hostname="ThanhLuan" failures="0" tests="2" name="TestPackage.ResetPasswordTest" time="29.723" errors="0" timestamp="2026-02-08T08:40:53 ICT" skipped="1">
  <testcase classname="TestPackage.ResetPasswordTest" name="TC11" time="29.723"/>
  <testcase classname="TestPackage.ResetPasswordTest" name="TC10">
    <skipped/>
  </testcase> <!-- TC10 -->
</testsuite> <!-- TestPackage.ResetPasswordTest -->
